#
# There is insufficient memory for the Java Runtime Environment to continue.
# Native memory allocation (mmap) failed to map 134217728 bytes for Failed to commit area from 0x0000000081000000 to 0x0000000089000000 of length 134217728.
# Possible reasons:
#   The system is out of physical RAM or swap space
#   The process is running with CompressedOops enabled, and the Java Heap may be blocking the growth of the native heap
# Possible solutions:
#   Reduce memory load on the system
#   Increase physical memory or swap space
#   Check if swap backing store is full
#   Decrease Java heap size (-Xmx/-Xms)
#   Decrease number of Java threads
#   Decrease Java thread stack sizes (-Xss)
#   Set larger code cache with -XX:ReservedCodeCacheSize=
# This output file may be truncated or incomplete.
#
#  Out of Memory Error (c:/BuildAgent/work/dd4f663211fab7c/src/hotspot/os/windows/os_windows.cpp:3272), pid=5936, tid=1872
#
# JRE version:  (11.0.2+9) (build )
# Java VM: OpenJDK 64-Bit Server VM (11.0.2+9-b159.34, mixed mode, aot, sharing, tiered, compressed oops, g1 gc, windows-amd64)
# No core dump will be written. Minidumps are not enabled by default on client versions of Windows
#

---------------  S U M M A R Y ------------

Command Line: org.jetbrains.git4idea.http.GitAskPassApp Username for 'https://github.com': 

Host: Intel(R) Core(TM) i5-9600K CPU @ 3.70GHz, 6 cores, 7G,  Windows 10 , 64 bit Build 19041 (10.0.19041.928)
Time: Sat May 22 22:21:46 2021 Eastern Daylight Time elapsed time: 0 seconds (0d 0h 0m 0s)

---------------  T H R E A D  ---------------

Current thread (0x000002f172916000):  JavaThread "Unknown thread" [_thread_in_vm, id=1872, stack(0x000000f3d8900000,0x000000f3d8a00000)]

Stack: [0x000000f3d8900000,0x000000f3d8a00000]
Native frames: (J=compiled Java code, j=interpreted, Vv=VM code, C=native code)
V  [jvm.dll+0x5da82a]
V  [jvm.dll+0x70b6c9]
V  [jvm.dll+0x70cbe8]
V  [jvm.dll+0x70d2b3]
V  [jvm.dll+0x240f18]
V  [jvm.dll+0x5d7fc4]
V  [jvm.dll+0x5cd115]
V  [jvm.dll+0x2fa5eb]
V  [jvm.dll+0x2fa55a]
V  [jvm.dll+0x2fa432]
V  [jvm.dll+0x2ff316]
V  [jvm.dll+0x347993]
V  [jvm.dll+0x348096]
V  [jvm.dll+0x347a93]
V  [jvm.dll+0x2d5588]
V  [jvm.dll+0x2d66c7]
V  [jvm.dll+0x6eaac7]
V  [jvm.dll+0x6ec22c]
V  [jvm.dll+0x3551c9]
V  [jvm.dll+0x6d274e]
V  [jvm.dll+0x3bd953]
V  [jvm.dll+0x3bfcc1]
C  [java.exe+0x3763]
C  [java.exe+0x17a0c]
C  [KERNEL32.DLL+0x17034]
C  [ntdll.dll+0x52651]


---------------  P R O C E S S  ---------------

Threads class SMR info:
_java_thread_list=0x000002f170ec5760, length=0, elements={
}

Java Threads: ( => current thread )

Other Threads:
  0x000002f17292c800 GCTaskThread "GC Thread#0" [stack: 0x000000f3d8a00000,0x000000f3d8b00000] [id=21488]
  0x000002f17295d800 ConcurrentGCThread "G1 Main Marker" [stack: 0x000000f3d8b00000,0x000000f3d8c00000] [id=19144]
  0x000002f172961000 ConcurrentGCThread "G1 Conc#0" [stack: 0x000000f3d8c00000,0x000000f3d8d00000] [id=23420]

[error occurred during error reporting (printing all threads), id 0xc0000005, EXCEPTION_ACCESS_VIOLATION (0xc0000005) at pc=0x00007ffeb65a5687]

VM state:not at safepoint (not fully initialized)

VM Mutex/Monitor currently owned by a thread:  ([mutex/lock_event])
[0x000002f172914560] Heap_lock - owner thread: 0x000002f172916000

Heap address: 0x0000000081000000, size: 2032 MB, Compressed Oops mode: Non-zero based: 0x0000000081000000
Narrow klass base: 0x0000000000000000, Narrow klass shift: 0

GC Heap History (0 events):
No events

Deoptimization events (0 events):
No events

Classes redefined (0 events):
No events

Internal exceptions (0 events):
No events

Events (0 events):
No events


Dynamic libraries:
0x00007ff632240000 - 0x00007ff632287000 	C:\Program Files\JetBrains\PyCharm Community Edition 2019.1.1\jre64\bin\java.exe
0x00007ffeeeb90000 - 0x00007ffeeed85000 	C:\WINDOWS\SYSTEM32\ntdll.dll
0x00007ffeee150000 - 0x00007ffeee20d000 	C:\WINDOWS\System32\KERNEL32.DLL
0x00007ffeec2d0000 - 0x00007ffeec598000 	C:\WINDOWS\System32\KERNELBASE.dll
0x00007ffeedf50000 - 0x00007ffeee0f0000 	C:\WINDOWS\System32\USER32.dll
0x00007ffeec620000 - 0x00007ffeec642000 	C:\WINDOWS\System32\win32u.dll
0x00007ffeecdd0000 - 0x00007ffeecdfa000 	C:\WINDOWS\System32\GDI32.dll
0x00007ffeec8f0000 - 0x00007ffeec9fb000 	C:\WINDOWS\System32\gdi32full.dll
0x00007ffeec800000 - 0x00007ffeec89d000 	C:\WINDOWS\System32\msvcp_win.dll
0x00007ffeec650000 - 0x00007ffeec750000 	C:\WINDOWS\System32\ucrtbase.dll
0x00007ffeeb6f0000 - 0x00007ffeeb98a000 	C:\WINDOWS\WinSxS\amd64_microsoft.windows.common-controls_6595b64144ccf1df_6.0.19041.844_none_ca00b6081b84eb1d\COMCTL32.dll
0x00007ffeecd30000 - 0x00007ffeecdce000 	C:\WINDOWS\System32\msvcrt.dll
0x00007ffeee210000 - 0x00007ffeee240000 	C:\WINDOWS\System32\IMM32.DLL
0x00007ffeea1c0000 - 0x00007ffeea1d7000 	C:\Program Files\JetBrains\PyCharm Community Edition 2019.1.1\jre64\bin\vcruntime140.dll
0x00007ffebefe0000 - 0x00007ffebf07d000 	C:\Program Files\JetBrains\PyCharm Community Edition 2019.1.1\jre64\bin\msvcp140.dll
0x00007ffeb62c0000 - 0x00007ffeb6d76000 	C:\Program Files\JetBrains\PyCharm Community Edition 2019.1.1\jre64\bin\server\jvm.dll
0x00007ffeed140000 - 0x00007ffeed1ec000 	C:\WINDOWS\System32\ADVAPI32.dll
0x00007ffeedeb0000 - 0x00007ffeedf4b000 	C:\WINDOWS\System32\sechost.dll
0x00007ffeee330000 - 0x00007ffeee45b000 	C:\WINDOWS\System32\RPCRT4.dll
0x00007ffeecc00000 - 0x00007ffeecc08000 	C:\WINDOWS\System32\PSAPI.DLL
0x00007ffedd7e0000 - 0x00007ffedd807000 	C:\WINDOWS\SYSTEM32\WINMM.dll
0x00007ffecb740000 - 0x00007ffecb749000 	C:\WINDOWS\SYSTEM32\WSOCK32.dll
0x00007ffeee670000 - 0x00007ffeee6db000 	C:\WINDOWS\System32\WS2_32.dll
0x00007ffee5330000 - 0x00007ffee533a000 	C:\WINDOWS\SYSTEM32\VERSION.dll
0x00007ffee9460000 - 0x00007ffee9472000 	C:\WINDOWS\SYSTEM32\kernel.appcore.dll
0x00007ffee7110000 - 0x00007ffee7121000 	C:\Program Files\JetBrains\PyCharm Community Edition 2019.1.1\jre64\bin\verify.dll
0x00007ffeebd00000 - 0x00007ffeebee4000 	C:\WINDOWS\SYSTEM32\DBGHELP.DLL
0x00007ffeebc50000 - 0x00007ffeebc7c000 	C:\WINDOWS\SYSTEM32\dbgcore.DLL
0x00007ffeec5a0000 - 0x00007ffeec620000 	C:\WINDOWS\System32\bcryptPrimitives.dll
0x00007ffed06d0000 - 0x00007ffed06f9000 	C:\Program Files\JetBrains\PyCharm Community Edition 2019.1.1\jre64\bin\java.dll
0x00007ffed9a30000 - 0x00007ffed9a47000 	C:\Program Files\JetBrains\PyCharm Community Edition 2019.1.1\jre64\bin\zip.dll
0x00007ffee7150000 - 0x00007ffee715b000 	C:\Program Files\JetBrains\PyCharm Community Edition 2019.1.1\jre64\bin\jimage.dll

dbghelp: loaded successfully - version: 4.0.5 - missing functions: none
symbol engine: initialized successfully - sym options: 0x614 - pdb path: .;C:\Program Files\JetBrains\PyCharm Community Edition 2019.1.1\jre64\bin;C:\WINDOWS\SYSTEM32;C:\WINDOWS\WinSxS\amd64_microsoft.windows.common-controls_6595b64144ccf1df_6.0.19041.844_none_ca00b6081b84eb1d;C:\Program Files\JetBrains\PyCharm Community Edition 2019.1.1\jre64\bin\server

VM Arguments:
java_command: org.jetbrains.git4idea.http.GitAskPassApp Username for 'https://github.com': 
java_class_path (initial): C:/Program Files/JetBrains/PyCharm Community Edition 2019.1.1/plugins/git4idea/lib/git4idea-rt.jar;C:/Program Files/JetBrains/PyCharm Community Edition 2019.1.1/lib/xmlrpc-2.0.1.jar;C:/Program Files/JetBrains/PyCharm Community Edition 2019.1.1/lib/commons-codec-1.10.jar;C:/Program Files/JetBrains/PyCharm Community Edition 2019.1.1/lib/util.jar
Launcher Type: SUN_STANDARD

[Global flags]
     intx CICompilerCount                          = 3                                         {product} {ergonomic}
     uint ConcGCThreads                            = 2                                         {product} {ergonomic}
     uint G1ConcRefinementThreads                  = 6                                         {product} {ergonomic}
   size_t G1HeapRegionSize                         = 1048576                                   {product} {ergonomic}
    uintx GCDrainStackTargetSize                   = 64                                        {product} {ergonomic}
   size_t InitialHeapSize                          = 134217728                                 {product} {ergonomic}
   size_t MarkStackSize                            = 4194304                                   {product} {ergonomic}
   size_t MaxHeapSize                              = 2130706432                                {product} {ergonomic}
   size_t MinHeapDeltaBytes                        = 1048576                                   {product} {ergonomic}
    uintx NonNMethodCodeHeapSize                   = 5830092                                {pd product} {ergonomic}
    uintx NonProfiledCodeHeapSize                  = 122914074                              {pd product} {ergonomic}
    uintx ProfiledCodeHeapSize                     = 122914074                              {pd product} {ergonomic}
    uintx ReservedCodeCacheSize                    = 251658240                              {pd product} {ergonomic}
     bool SegmentedCodeCache                       = true                                      {product} {ergonomic}
     bool UseCompressedClassPointers               = true                                 {lp64_product} {ergonomic}
     bool UseCompressedOops                        = true                                 {lp64_product} {ergonomic}
     bool UseG1GC                                  = true                                      {product} {ergonomic}
     bool UseLargePagesIndividualAllocation        = false                                  {pd product} {ergonomic}

Logging:
Log output configuration:
 #0: stdout all=warning uptime,level,tags
 #1: stderr all=off uptime,level,tags

Environment Variables:
PATH=C:/Program Files/Git/mingw64/libexec/git-core;C:/Program Files/Git/mingw64/libexec/git-core;C:\Program Files\Git\mingw64\bin;C:\Program Files\Git\usr\bin;C:\Users\Erik Tkachuk\bin;C:\Program Files (x86)\Intel\Intel(R) Management Engine Components\iCLS\;C:\Program Files\Intel\Intel(R) Management Engine Components\iCLS\;C:\Windows\system32;C:\Windows;C:\Windows\System32\Wbem;C:\Windows\System32\WindowsPowerShell\v1.0\;C:\Windows\System32\OpenSSH\;C:\Program Files (x86)\Intel\Intel(R) Management Engine Components\DAL;C:\Program Files\Intel\Intel(R) Management Engine Components\DAL;C:\Program Files\NVIDIA Corporation\NVIDIA NvDLISR;C:\Universal Constructor;C:\Program Files (x86)\NVIDIA Corporation\PhysX\Common;C:\WINDOWS\system32;C:\WINDOWS;C:\WINDOWS\System32\Wbem;C:\WINDOWS\System32\WindowsPowerShell\v1.0\;C:\WINDOWS\System32\OpenSSH\;C:\Python38\;C:\Python38\scripts;C:\Python34\;C:\Python34\scripts;C:\Python27\scripts;C:\Program Files\MySQL\MySQL Shell 8.0\bin;C:\Program Files\dotnet\;C:\Program Files\Side Effects Software\Houdini 18.5.408\python27;C:\Program Files\Git\cmd;C:\Program Files\Git\bin;C:\Program Files\MongoDB\Server\4.4\bin\;C:\Program Files\nodejs\;C:\Program Files\MySQL\MySQL Shell 8.0\bin\;C:\Users\Erik Tkachuk\AppData\Local\Programs\Microsoft VS Code\bin;C:\Users\Erik Tkachuk\AppData\Local\Microsoft\WindowsApps;C:\Users\Erik Tkachuk\AppData\Roaming\npm
USERNAME=Erik Tkachuk
DISPLAY=:0.0
OS=Windows_NT
PROCESSOR_IDENTIFIER=Intel64 Family 6 Model 158 Stepping 12, GenuineIntel



---------------  S Y S T E M  ---------------

OS: Windows 10 , 64 bit Build 19041 (10.0.19041.928)

CPU:total 6 (initial active 6) (6 cores per cpu, 1 threads per core) family 6 model 158 stepping 12, cmov, cx8, fxsr, mmx, sse, sse2, sse3, ssse3, sse4.1, sse4.2, popcnt, avx, avx2, aes, clmul, erms, rtm, 3dnowpref, lzcnt, tsc, tscinvbit, bmi1, bmi2, adx, fma

Memory: 4k page, system-wide physical 8124M (394M free)
TotalPageFile size 32700M (AvailPageFile size 80M)
current process WorkingSet (physical memory assigned to process): 9M, peak: 9M
current process commit charge ("private bytes"): 55M, peak: 183M

vm_info: OpenJDK 64-Bit Server VM (11.0.2+9-b159.34) for windows-amd64 JRE (11.0.2+9-b159.34), built on Mar 26 2019 11:55:29 by "" with MS VC++ 14.0 (VS2015)

END.
